{"/home/deku/Documents/front/src/components/DataCars.tsx": {"path":"/home/deku/Documents/front/src/components/DataCars.tsx","statementMap":{"0":{"start":{"line":23,"column":42},"end":{"line":61,"column":1}},"1":{"start":{"line":24,"column":2},"end":{"line":60,"column":4}},"2":{"start":{"line":28,"column":10},"end":{"line":56,"column":16}}},"fnMap":{"0":{"name":"(anonymous_0)","decl":{"start":{"line":23,"column":42},"end":{"line":23,"column":43}},"loc":{"start":{"line":23,"column":56},"end":{"line":61,"column":1}},"line":23},"1":{"name":"(anonymous_1)","decl":{"start":{"line":27,"column":18},"end":{"line":27,"column":19}},"loc":{"start":{"line":28,"column":10},"end":{"line":56,"column":16}},"line":28}},"branchMap":{},"s":{"0":1,"1":9,"2":0},"f":{"0":9,"1":0},"b":{},"_coverageSchema":"1a1c01bbd47fc00a2c39e90264f33305004495a9","hash":"3d8fe4b2d6acb487864c4b1b99f7e25026623eb6"}
,"/home/deku/Documents/front/src/components/SearchCars.tsx": {"path":"/home/deku/Documents/front/src/components/SearchCars.tsx","statementMap":{"0":{"start":{"line":22,"column":29},"end":{"line":167,"column":1}},"1":{"start":{"line":23,"column":38},"end":{"line":23,"column":58}},"2":{"start":{"line":24,"column":32},"end":{"line":24,"column":52}},"3":{"start":{"line":25,"column":40},"end":{"line":25,"column":60}},"4":{"start":{"line":26,"column":48},"end":{"line":26,"column":68}},"5":{"start":{"line":27,"column":26},"end":{"line":27,"column":45}},"6":{"start":{"line":28,"column":28},"end":{"line":28,"column":48}},"7":{"start":{"line":30,"column":23},"end":{"line":55,"column":3}},"8":{"start":{"line":31,"column":4},"end":{"line":54,"column":5}},"9":{"start":{"line":32,"column":23},"end":{"line":36,"column":8}},"10":{"start":{"line":37,"column":24},"end":{"line":37,"column":51}},"11":{"start":{"line":38,"column":27},"end":{"line":44,"column":7}},"12":{"start":{"line":40,"column":10},"end":{"line":43,"column":41}},"13":{"start":{"line":45,"column":6},"end":{"line":45,"column":28}},"14":{"start":{"line":46,"column":6},"end":{"line":50,"column":7}},"15":{"start":{"line":47,"column":8},"end":{"line":47,"column":38}},"16":{"start":{"line":49,"column":8},"end":{"line":49,"column":21}},"17":{"start":{"line":52,"column":6},"end":{"line":52,"column":23}},"18":{"start":{"line":53,"column":6},"end":{"line":53,"column":39}},"19":{"start":{"line":57,"column":2},"end":{"line":166,"column":4}},"20":{"start":{"line":75,"column":35},"end":{"line":75,"column":64}},"21":{"start":{"line":99,"column":35},"end":{"line":99,"column":61}},"22":{"start":{"line":116,"column":35},"end":{"line":116,"column":65}},"23":{"start":{"line":143,"column":35},"end":{"line":143,"column":69}}},"fnMap":{"0":{"name":"(anonymous_0)","decl":{"start":{"line":22,"column":29},"end":{"line":22,"column":30}},"loc":{"start":{"line":22,"column":35},"end":{"line":167,"column":1}},"line":22},"1":{"name":"(anonymous_1)","decl":{"start":{"line":30,"column":23},"end":{"line":30,"column":24}},"loc":{"start":{"line":30,"column":35},"end":{"line":55,"column":3}},"line":30},"2":{"name":"(anonymous_2)","decl":{"start":{"line":39,"column":8},"end":{"line":39,"column":9}},"loc":{"start":{"line":40,"column":10},"end":{"line":43,"column":41}},"line":40},"3":{"name":"(anonymous_3)","decl":{"start":{"line":75,"column":28},"end":{"line":75,"column":29}},"loc":{"start":{"line":75,"column":35},"end":{"line":75,"column":64}},"line":75},"4":{"name":"(anonymous_4)","decl":{"start":{"line":99,"column":28},"end":{"line":99,"column":29}},"loc":{"start":{"line":99,"column":35},"end":{"line":99,"column":61}},"line":99},"5":{"name":"(anonymous_5)","decl":{"start":{"line":116,"column":28},"end":{"line":116,"column":29}},"loc":{"start":{"line":116,"column":35},"end":{"line":116,"column":65}},"line":116},"6":{"name":"(anonymous_6)","decl":{"start":{"line":143,"column":28},"end":{"line":143,"column":29}},"loc":{"start":{"line":143,"column":35},"end":{"line":143,"column":69}},"line":143}},"branchMap":{"0":{"loc":{"start":{"line":40,"column":10},"end":{"line":43,"column":41}},"type":"binary-expr","locations":[{"start":{"line":40,"column":10},"end":{"line":40,"column":49}},{"start":{"line":41,"column":10},"end":{"line":41,"column":52}},{"start":{"line":42,"column":10},"end":{"line":42,"column":40}},{"start":{"line":43,"column":10},"end":{"line":43,"column":41}}],"line":40},"1":{"loc":{"start":{"line":46,"column":6},"end":{"line":50,"column":7}},"type":"if","locations":[{"start":{"line":46,"column":6},"end":{"line":50,"column":7}},{"start":{"line":48,"column":13},"end":{"line":50,"column":7}}],"line":46},"2":{"loc":{"start":{"line":163,"column":7},"end":{"line":163,"column":62}},"type":"binary-expr","locations":[{"start":{"line":163,"column":7},"end":{"line":163,"column":12}},{"start":{"line":163,"column":16},"end":{"line":163,"column":62}}],"line":163}},"s":{"0":1,"1":9,"2":9,"3":9,"4":9,"5":9,"6":9,"7":9,"8":3,"9":3,"10":2,"11":2,"12":2,"13":2,"14":2,"15":2,"16":0,"17":1,"18":1,"19":9,"20":1,"21":0,"22":1,"23":0},"f":{"0":9,"1":3,"2":2,"3":1,"4":0,"5":1,"6":0},"b":{"0":[2,2,2,2],"1":[2,0],"2":[9,5]},"_coverageSchema":"1a1c01bbd47fc00a2c39e90264f33305004495a9","hash":"d1b5f69b44fbcab613a824db4ff97ed0875add15"}
,"/home/deku/Documents/front/src/dashboard/CreateCar.tsx": {"path":"/home/deku/Documents/front/src/dashboard/CreateCar.tsx","statementMap":{"0":{"start":{"line":21,"column":29},"end":{"line":444,"column":1}},"1":{"start":{"line":22,"column":28},"end":{"line":22,"column":71}},"2":{"start":{"line":23,"column":26},"end":{"line":23,"column":53}},"3":{"start":{"line":24,"column":30},"end":{"line":37,"column":4}},"4":{"start":{"line":39,"column":25},"end":{"line":55,"column":3}},"5":{"start":{"line":40,"column":4},"end":{"line":40,"column":22}},"6":{"start":{"line":40,"column":15},"end":{"line":40,"column":22}},"7":{"start":{"line":42,"column":21},"end":{"line":42,"column":35}},"8":{"start":{"line":43,"column":4},"end":{"line":43,"column":34}},"9":{"start":{"line":44,"column":4},"end":{"line":44,"column":49}},"10":{"start":{"line":46,"column":4},"end":{"line":54,"column":5}},"11":{"start":{"line":47,"column":23},"end":{"line":50,"column":7}},"12":{"start":{"line":51,"column":6},"end":{"line":51,"column":31}},"13":{"start":{"line":53,"column":6},"end":{"line":53,"column":23}},"14":{"start":{"line":57,"column":28},"end":{"line":70,"column":3}},"15":{"start":{"line":58,"column":4},"end":{"line":69,"column":5}},"16":{"start":{"line":59,"column":19},"end":{"line":59,"column":36}},"17":{"start":{"line":60,"column":6},"end":{"line":60,"column":20}},"18":{"start":{"line":62,"column":21},"end":{"line":62,"column":37}},"19":{"start":{"line":63,"column":6},"end":{"line":67,"column":8}},"20":{"start":{"line":64,"column":8},"end":{"line":66,"column":9}},"21":{"start":{"line":65,"column":10},"end":{"line":65,"column":34}},"22":{"start":{"line":68,"column":6},"end":{"line":68,"column":33}},"23":{"start":{"line":72,"column":23},"end":{"line":82,"column":3}},"24":{"start":{"line":77,"column":28},"end":{"line":77,"column":36}},"25":{"start":{"line":78,"column":4},"end":{"line":81,"column":8}},"26":{"start":{"line":78,"column":29},"end":{"line":81,"column":5}},"27":{"start":{"line":84,"column":31},"end":{"line":90,"column":3}},"28":{"start":{"line":85,"column":30},"end":{"line":85,"column":38}},"29":{"start":{"line":86,"column":4},"end":{"line":89,"column":8}},"30":{"start":{"line":86,"column":29},"end":{"line":89,"column":5}},"31":{"start":{"line":92,"column":17},"end":{"line":160,"column":3}},"32":{"start":{"line":93,"column":19},"end":{"line":93,"column":23}},"33":{"start":{"line":94,"column":4},"end":{"line":96,"column":5}},"34":{"start":{"line":95,"column":6},"end":{"line":95,"column":40}},"35":{"start":{"line":97,"column":20},"end":{"line":100,"column":5}},"36":{"start":{"line":101,"column":4},"end":{"line":101,"column":40}},"37":{"start":{"line":103,"column":21},"end":{"line":103,"column":35}},"38":{"start":{"line":104,"column":4},"end":{"line":104,"column":44}},"39":{"start":{"line":105,"column":4},"end":{"line":105,"column":56}},"40":{"start":{"line":106,"column":4},"end":{"line":106,"column":44}},"41":{"start":{"line":107,"column":4},"end":{"line":107,"column":65}},"42":{"start":{"line":108,"column":4},"end":{"line":108,"column":61}},"43":{"start":{"line":109,"column":4},"end":{"line":109,"column":56}},"44":{"start":{"line":110,"column":4},"end":{"line":110,"column":56}},"45":{"start":{"line":111,"column":4},"end":{"line":111,"column":63}},"46":{"start":{"line":112,"column":4},"end":{"line":112,"column":58}},"47":{"start":{"line":113,"column":4},"end":{"line":113,"column":42}},"48":{"start":{"line":114,"column":4},"end":{"line":114,"column":53}},"49":{"start":{"line":115,"column":4},"end":{"line":117,"column":5}},"50":{"start":{"line":116,"column":6},"end":{"line":116,"column":37}},"51":{"start":{"line":118,"column":4},"end":{"line":159,"column":5}},"52":{"start":{"line":119,"column":23},"end":{"line":127,"column":7}},"53":{"start":{"line":128,"column":19},"end":{"line":128,"column":32}},"54":{"start":{"line":129,"column":6},"end":{"line":129,"column":40}},"55":{"start":{"line":130,"column":6},"end":{"line":143,"column":9}},"56":{"start":{"line":144,"column":6},"end":{"line":144,"column":20}},"57":{"start":{"line":145,"column":6},"end":{"line":145,"column":21}},"58":{"start":{"line":146,"column":6},"end":{"line":149,"column":9}},"59":{"start":{"line":150,"column":6},"end":{"line":152,"column":15}},"60":{"start":{"line":151,"column":8},"end":{"line":151,"column":40}},"61":{"start":{"line":154,"column":6},"end":{"line":154,"column":23}},"62":{"start":{"line":155,"column":6},"end":{"line":158,"column":9}},"63":{"start":{"line":162,"column":2},"end":{"line":443,"column":4}}},"fnMap":{"0":{"name":"(anonymous_0)","decl":{"start":{"line":21,"column":29},"end":{"line":21,"column":30}},"loc":{"start":{"line":21,"column":35},"end":{"line":444,"column":1}},"line":21},"1":{"name":"(anonymous_1)","decl":{"start":{"line":39,"column":25},"end":{"line":39,"column":26}},"loc":{"start":{"line":39,"column":66},"end":{"line":55,"column":3}},"line":39},"2":{"name":"(anonymous_2)","decl":{"start":{"line":57,"column":28},"end":{"line":57,"column":29}},"loc":{"start":{"line":57,"column":72},"end":{"line":70,"column":3}},"line":57},"3":{"name":"(anonymous_3)","decl":{"start":{"line":63,"column":22},"end":{"line":63,"column":23}},"loc":{"start":{"line":63,"column":28},"end":{"line":67,"column":7}},"line":63},"4":{"name":"(anonymous_4)","decl":{"start":{"line":72,"column":23},"end":{"line":72,"column":24}},"loc":{"start":{"line":76,"column":7},"end":{"line":82,"column":3}},"line":76},"5":{"name":"(anonymous_5)","decl":{"start":{"line":78,"column":14},"end":{"line":78,"column":15}},"loc":{"start":{"line":78,"column":29},"end":{"line":81,"column":5}},"line":78},"6":{"name":"(anonymous_6)","decl":{"start":{"line":84,"column":31},"end":{"line":84,"column":32}},"loc":{"start":{"line":84,"column":75},"end":{"line":90,"column":3}},"line":84},"7":{"name":"(anonymous_7)","decl":{"start":{"line":86,"column":14},"end":{"line":86,"column":15}},"loc":{"start":{"line":86,"column":29},"end":{"line":89,"column":5}},"line":86},"8":{"name":"(anonymous_8)","decl":{"start":{"line":92,"column":17},"end":{"line":92,"column":18}},"loc":{"start":{"line":92,"column":29},"end":{"line":160,"column":3}},"line":92},"9":{"name":"(anonymous_9)","decl":{"start":{"line":150,"column":17},"end":{"line":150,"column":18}},"loc":{"start":{"line":150,"column":23},"end":{"line":152,"column":7}},"line":150}},"branchMap":{"0":{"loc":{"start":{"line":40,"column":4},"end":{"line":40,"column":22}},"type":"if","locations":[{"start":{"line":40,"column":4},"end":{"line":40,"column":22}},{"start":{},"end":{}}],"line":40},"1":{"loc":{"start":{"line":58,"column":4},"end":{"line":69,"column":5}},"type":"if","locations":[{"start":{"line":58,"column":4},"end":{"line":69,"column":5}},{"start":{},"end":{}}],"line":58},"2":{"loc":{"start":{"line":58,"column":8},"end":{"line":58,"column":43}},"type":"binary-expr","locations":[{"start":{"line":58,"column":8},"end":{"line":58,"column":22}},{"start":{"line":58,"column":26},"end":{"line":58,"column":43}}],"line":58},"3":{"loc":{"start":{"line":64,"column":8},"end":{"line":66,"column":9}},"type":"if","locations":[{"start":{"line":64,"column":8},"end":{"line":66,"column":9}},{"start":{},"end":{}}],"line":64},"4":{"loc":{"start":{"line":94,"column":4},"end":{"line":96,"column":5}},"type":"if","locations":[{"start":{"line":94,"column":4},"end":{"line":96,"column":5}},{"start":{},"end":{}}],"line":94},"5":{"loc":{"start":{"line":115,"column":4},"end":{"line":117,"column":5}},"type":"if","locations":[{"start":{"line":115,"column":4},"end":{"line":117,"column":5}},{"start":{},"end":{}}],"line":115},"6":{"loc":{"start":{"line":428,"column":13},"end":{"line":430,"column":13}},"type":"binary-expr","locations":[{"start":{"line":428,"column":13},"end":{"line":428,"column":18}},{"start":{"line":429,"column":14},"end":{"line":429,"column":75}}],"line":428}},"s":{"0":1,"1":14,"2":14,"3":14,"4":14,"5":1,"6":0,"7":1,"8":1,"9":1,"10":1,"11":1,"12":1,"13":0,"14":14,"15":1,"16":1,"17":1,"18":1,"19":1,"20":0,"21":0,"22":1,"23":14,"24":10,"25":10,"26":10,"27":14,"28":1,"29":1,"30":1,"31":14,"32":1,"33":1,"34":1,"35":1,"36":1,"37":1,"38":1,"39":1,"40":1,"41":1,"42":1,"43":1,"44":1,"45":1,"46":1,"47":1,"48":1,"49":1,"50":1,"51":1,"52":1,"53":1,"54":1,"55":1,"56":1,"57":1,"58":1,"59":1,"60":0,"61":0,"62":0,"63":14},"f":{"0":14,"1":1,"2":1,"3":0,"4":10,"5":10,"6":1,"7":1,"8":1,"9":0},"b":{"0":[0,1],"1":[1,0],"2":[1,1],"3":[0,0],"4":[1,0],"5":[1,0],"6":[14,0]},"_coverageSchema":"1a1c01bbd47fc00a2c39e90264f33305004495a9","hash":"3d582dd697c4c6bf8ea0c945b49209f2dece2298"}
,"/home/deku/Documents/front/src/dashboard/LoginPage.tsx": {"path":"/home/deku/Documents/front/src/dashboard/LoginPage.tsx","statementMap":{"0":{"start":{"line":5,"column":28},"end":{"line":144,"column":1}},"1":{"start":{"line":6,"column":34},"end":{"line":6,"column":46}},"2":{"start":{"line":7,"column":34},"end":{"line":7,"column":46}},"3":{"start":{"line":8,"column":28},"end":{"line":8,"column":57}},"4":{"start":{"line":10,"column":2},"end":{"line":16,"column":9}},"5":{"start":{"line":12,"column":18},"end":{"line":12,"column":49}},"6":{"start":{"line":13,"column":4},"end":{"line":15,"column":5}},"7":{"start":{"line":14,"column":6},"end":{"line":14,"column":27}},"8":{"start":{"line":18,"column":29},"end":{"line":35,"column":3}},"9":{"start":{"line":19,"column":18},"end":{"line":19,"column":49}},"10":{"start":{"line":20,"column":4},"end":{"line":34,"column":5}},"11":{"start":{"line":21,"column":6},"end":{"line":33,"column":7}},"12":{"start":{"line":23,"column":29},"end":{"line":23,"column":44}},"13":{"start":{"line":24,"column":21},"end":{"line":24,"column":38}},"14":{"start":{"line":25,"column":8},"end":{"line":29,"column":9}},"15":{"start":{"line":26,"column":10},"end":{"line":26,"column":42}},"16":{"start":{"line":28,"column":10},"end":{"line":28,"column":37}},"17":{"start":{"line":31,"column":8},"end":{"line":31,"column":54}},"18":{"start":{"line":37,"column":22},"end":{"line":62,"column":3}},"19":{"start":{"line":38,"column":4},"end":{"line":38,"column":23}},"20":{"start":{"line":39,"column":4},"end":{"line":61,"column":5}},"21":{"start":{"line":40,"column":23},"end":{"line":46,"column":7}},"22":{"start":{"line":48,"column":6},"end":{"line":48,"column":55}},"23":{"start":{"line":49,"column":6},"end":{"line":49,"column":51}},"24":{"start":{"line":51,"column":6},"end":{"line":57,"column":7}},"25":{"start":{"line":52,"column":22},"end":{"line":52,"column":41}},"26":{"start":{"line":53,"column":8},"end":{"line":53,"column":47}},"27":{"start":{"line":54,"column":8},"end":{"line":54,"column":29}},"28":{"start":{"line":56,"column":8},"end":{"line":56,"column":52}},"29":{"start":{"line":59,"column":6},"end":{"line":59,"column":41}},"30":{"start":{"line":60,"column":6},"end":{"line":60,"column":50}},"31":{"start":{"line":64,"column":20},"end":{"line":85,"column":3}},"32":{"start":{"line":65,"column":18},"end":{"line":65,"column":32}},"33":{"start":{"line":66,"column":4},"end":{"line":66,"column":40}},"34":{"start":{"line":67,"column":4},"end":{"line":84,"column":5}},"35":{"start":{"line":68,"column":23},"end":{"line":78,"column":7}},"36":{"start":{"line":79,"column":24},"end":{"line":79,"column":43}},"37":{"start":{"line":80,"column":6},"end":{"line":80,"column":49}},"38":{"start":{"line":81,"column":6},"end":{"line":81,"column":27}},"39":{"start":{"line":83,"column":6},"end":{"line":83,"column":48}},"40":{"start":{"line":87,"column":18},"end":{"line":90,"column":3}},"41":{"start":{"line":88,"column":4},"end":{"line":88,"column":35}},"42":{"start":{"line":89,"column":4},"end":{"line":89,"column":48}},"43":{"start":{"line":92,"column":2},"end":{"line":143,"column":4}},"44":{"start":{"line":108,"column":31},"end":{"line":108,"column":58}},"45":{"start":{"line":124,"column":31},"end":{"line":124,"column":58}},"46":{"start":{"line":150,"column":2},"end":{"line":162,"column":3}},"47":{"start":{"line":151,"column":22},"end":{"line":151,"column":41}},"48":{"start":{"line":152,"column":19},"end":{"line":152,"column":66}},"49":{"start":{"line":153,"column":24},"end":{"line":158,"column":5}},"50":{"start":{"line":156,"column":20},"end":{"line":156,"column":73}},"51":{"start":{"line":159,"column":4},"end":{"line":159,"column":35}},"52":{"start":{"line":161,"column":4},"end":{"line":161,"column":14}}},"fnMap":{"0":{"name":"(anonymous_0)","decl":{"start":{"line":5,"column":28},"end":{"line":5,"column":29}},"loc":{"start":{"line":5,"column":34},"end":{"line":144,"column":1}},"line":5},"1":{"name":"(anonymous_1)","decl":{"start":{"line":10,"column":12},"end":{"line":10,"column":13}},"loc":{"start":{"line":10,"column":18},"end":{"line":16,"column":3}},"line":10},"2":{"name":"(anonymous_2)","decl":{"start":{"line":18,"column":29},"end":{"line":18,"column":30}},"loc":{"start":{"line":18,"column":35},"end":{"line":35,"column":3}},"line":18},"3":{"name":"(anonymous_3)","decl":{"start":{"line":37,"column":22},"end":{"line":37,"column":23}},"loc":{"start":{"line":37,"column":52},"end":{"line":62,"column":3}},"line":37},"4":{"name":"(anonymous_4)","decl":{"start":{"line":64,"column":20},"end":{"line":64,"column":21}},"loc":{"start":{"line":64,"column":55},"end":{"line":85,"column":3}},"line":64},"5":{"name":"(anonymous_5)","decl":{"start":{"line":87,"column":18},"end":{"line":87,"column":19}},"loc":{"start":{"line":87,"column":24},"end":{"line":90,"column":3}},"line":87},"6":{"name":"(anonymous_6)","decl":{"start":{"line":108,"column":24},"end":{"line":108,"column":25}},"loc":{"start":{"line":108,"column":31},"end":{"line":108,"column":58}},"line":108},"7":{"name":"(anonymous_7)","decl":{"start":{"line":124,"column":24},"end":{"line":124,"column":25}},"loc":{"start":{"line":124,"column":31},"end":{"line":124,"column":58}},"line":124},"8":{"name":"parseJwt","decl":{"start":{"line":149,"column":9},"end":{"line":149,"column":17}},"loc":{"start":{"line":149,"column":33},"end":{"line":163,"column":1}},"line":149},"9":{"name":"(anonymous_9)","decl":{"start":{"line":156,"column":13},"end":{"line":156,"column":14}},"loc":{"start":{"line":156,"column":20},"end":{"line":156,"column":73}},"line":156}},"branchMap":{"0":{"loc":{"start":{"line":13,"column":4},"end":{"line":15,"column":5}},"type":"if","locations":[{"start":{"line":13,"column":4},"end":{"line":15,"column":5}},{"start":{},"end":{}}],"line":13},"1":{"loc":{"start":{"line":20,"column":4},"end":{"line":34,"column":5}},"type":"if","locations":[{"start":{"line":20,"column":4},"end":{"line":34,"column":5}},{"start":{},"end":{}}],"line":20},"2":{"loc":{"start":{"line":25,"column":8},"end":{"line":29,"column":9}},"type":"if","locations":[{"start":{"line":25,"column":8},"end":{"line":29,"column":9}},{"start":{"line":27,"column":15},"end":{"line":29,"column":9}}],"line":25},"3":{"loc":{"start":{"line":25,"column":12},"end":{"line":25,"column":53}},"type":"binary-expr","locations":[{"start":{"line":25,"column":12},"end":{"line":25,"column":28}},{"start":{"line":25,"column":32},"end":{"line":25,"column":53}}],"line":25},"4":{"loc":{"start":{"line":51,"column":6},"end":{"line":57,"column":7}},"type":"if","locations":[{"start":{"line":51,"column":6},"end":{"line":57,"column":7}},{"start":{"line":55,"column":13},"end":{"line":57,"column":7}}],"line":51},"5":{"loc":{"start":{"line":129,"column":11},"end":{"line":129,"column":67}},"type":"binary-expr","locations":[{"start":{"line":129,"column":11},"end":{"line":129,"column":16}},{"start":{"line":129,"column":20},"end":{"line":129,"column":67}}],"line":129}},"s":{"0":1,"1":7,"2":7,"3":7,"4":7,"5":3,"6":3,"7":2,"8":7,"9":4,"10":4,"11":4,"12":4,"13":4,"14":4,"15":0,"16":4,"17":0,"18":7,"19":1,"20":1,"21":1,"22":1,"23":1,"24":1,"25":1,"26":1,"27":1,"28":0,"29":0,"30":0,"31":7,"32":1,"33":1,"34":1,"35":1,"36":1,"37":1,"38":1,"39":0,"40":7,"41":0,"42":0,"43":7,"44":2,"45":2,"46":4,"47":4,"48":4,"49":0,"50":0,"51":0,"52":4},"f":{"0":7,"1":3,"2":4,"3":1,"4":1,"5":0,"6":2,"7":2,"8":4,"9":0},"b":{"0":[2,1],"1":[4,0],"2":[0,4],"3":[4,4],"4":[1,0],"5":[7,0]},"_coverageSchema":"1a1c01bbd47fc00a2c39e90264f33305004495a9","hash":"2b05ef5c88b1949afd8f7d5fd0728e0c5db3a2f3"}
}
