TN:
SF:src/components/DataCars.tsx
FN:23,(anonymous_0)
FN:27,(anonymous_1)
FNF:2
FNH:1
FNDA:9,(anonymous_0)
FNDA:0,(anonymous_1)
DA:23,1
DA:24,9
DA:28,0
LF:3
LH:2
BRF:0
BRH:0
end_of_record
TN:
SF:src/components/SearchCars.tsx
FN:22,(anonymous_0)
FN:30,(anonymous_1)
FN:39,(anonymous_2)
FN:75,(anonymous_3)
FN:99,(anonymous_4)
FN:116,(anonymous_5)
FN:143,(anonymous_6)
FNF:7
FNH:5
FNDA:9,(anonymous_0)
FNDA:3,(anonymous_1)
FNDA:2,(anonymous_2)
FNDA:1,(anonymous_3)
FNDA:0,(anonymous_4)
FNDA:1,(anonymous_5)
FNDA:0,(anonymous_6)
DA:22,1
DA:23,9
DA:24,9
DA:25,9
DA:26,9
DA:27,9
DA:28,9
DA:30,9
DA:31,3
DA:32,3
DA:37,2
DA:38,2
DA:40,2
DA:45,2
DA:46,2
DA:47,2
DA:49,0
DA:52,1
DA:53,1
DA:57,9
DA:75,1
DA:99,0
DA:116,1
DA:143,0
LF:24
LH:21
BRDA:40,0,0,2
BRDA:40,0,1,2
BRDA:40,0,2,2
BRDA:40,0,3,2
BRDA:46,1,0,2
BRDA:46,1,1,0
BRDA:163,2,0,9
BRDA:163,2,1,5
BRF:8
BRH:7
end_of_record
TN:
SF:src/dashboard/CreateCar.tsx
FN:21,(anonymous_0)
FN:39,(anonymous_1)
FN:57,(anonymous_2)
FN:63,(anonymous_3)
FN:72,(anonymous_4)
FN:78,(anonymous_5)
FN:84,(anonymous_6)
FN:86,(anonymous_7)
FN:92,(anonymous_8)
FN:150,(anonymous_9)
FNF:10
FNH:8
FNDA:14,(anonymous_0)
FNDA:1,(anonymous_1)
FNDA:1,(anonymous_2)
FNDA:0,(anonymous_3)
FNDA:10,(anonymous_4)
FNDA:10,(anonymous_5)
FNDA:1,(anonymous_6)
FNDA:1,(anonymous_7)
FNDA:1,(anonymous_8)
FNDA:0,(anonymous_9)
DA:21,1
DA:22,14
DA:23,14
DA:24,14
DA:39,14
DA:40,1
DA:42,1
DA:43,1
DA:44,1
DA:46,1
DA:47,1
DA:51,1
DA:53,0
DA:57,14
DA:58,1
DA:59,1
DA:60,1
DA:62,1
DA:63,1
DA:64,0
DA:65,0
DA:68,1
DA:72,14
DA:77,10
DA:78,10
DA:84,14
DA:85,1
DA:86,1
DA:92,14
DA:93,1
DA:94,1
DA:95,1
DA:97,1
DA:101,1
DA:103,1
DA:104,1
DA:105,1
DA:106,1
DA:107,1
DA:108,1
DA:109,1
DA:110,1
DA:111,1
DA:112,1
DA:113,1
DA:114,1
DA:115,1
DA:116,1
DA:118,1
DA:119,1
DA:128,1
DA:129,1
DA:130,1
DA:144,1
DA:145,1
DA:146,1
DA:150,1
DA:151,0
DA:154,0
DA:155,0
DA:162,14
LF:61
LH:55
BRDA:40,0,0,0
BRDA:40,0,1,1
BRDA:58,1,0,1
BRDA:58,1,1,0
BRDA:58,2,0,1
BRDA:58,2,1,1
BRDA:64,3,0,0
BRDA:64,3,1,0
BRDA:94,4,0,1
BRDA:94,4,1,0
BRDA:115,5,0,1
BRDA:115,5,1,0
BRDA:428,6,0,14
BRDA:428,6,1,0
BRF:14
BRH:7
end_of_record
TN:
SF:src/dashboard/LoginPage.tsx
FN:5,(anonymous_0)
FN:10,(anonymous_1)
FN:18,(anonymous_2)
FN:37,(anonymous_3)
FN:64,(anonymous_4)
FN:87,(anonymous_5)
FN:108,(anonymous_6)
FN:124,(anonymous_7)
FN:149,parseJwt
FN:156,(anonymous_9)
FNF:10
FNH:8
FNDA:7,(anonymous_0)
FNDA:3,(anonymous_1)
FNDA:4,(anonymous_2)
FNDA:1,(anonymous_3)
FNDA:1,(anonymous_4)
FNDA:0,(anonymous_5)
FNDA:2,(anonymous_6)
FNDA:2,(anonymous_7)
FNDA:4,parseJwt
FNDA:0,(anonymous_9)
DA:5,1
DA:6,7
DA:7,7
DA:8,7
DA:10,7
DA:12,3
DA:13,3
DA:14,2
DA:18,7
DA:19,4
DA:20,4
DA:21,4
DA:23,4
DA:24,4
DA:25,4
DA:26,0
DA:28,4
DA:31,0
DA:37,7
DA:38,1
DA:39,1
DA:40,1
DA:48,1
DA:49,1
DA:51,1
DA:52,1
DA:53,1
DA:54,1
DA:56,0
DA:59,0
DA:60,0
DA:64,7
DA:65,1
DA:66,1
DA:67,1
DA:68,1
DA:79,1
DA:80,1
DA:81,1
DA:83,0
DA:87,7
DA:88,0
DA:89,0
DA:92,7
DA:108,2
DA:124,2
DA:150,4
DA:151,4
DA:152,4
DA:153,0
DA:156,0
DA:159,0
DA:161,4
LF:53
LH:42
BRDA:13,0,0,2
BRDA:13,0,1,1
BRDA:20,1,0,4
BRDA:20,1,1,0
BRDA:25,2,0,0
BRDA:25,2,1,4
BRDA:25,3,0,4
BRDA:25,3,1,4
BRDA:51,4,0,1
BRDA:51,4,1,0
BRDA:129,5,0,7
BRDA:129,5,1,0
BRF:12
BRH:8
end_of_record
